2023-08-09 09:32:00.430,MySql.Data.MySqlClient.MySqlException (0x80004005): Unknown column 'idFROM' in 'field list'
   위치: MySql.Data.MySqlClient.MySqlStream.<ReadPacketAsync>d__30.MoveNext()
--- 예외가 throw된 이전 위치의 스택 추적 끝 ---
   위치: System.Runtime.CompilerServices.TaskAwaiter.ThrowForNonSuccess(Task task)
   위치: System.Runtime.CompilerServices.TaskAwaiter.HandleNonSuccessAndDebuggerNotification(Task task)
   위치: MySql.Data.MySqlClient.NativeDriver.<GetResultAsync>d__45.MoveNext()
--- 예외가 throw된 이전 위치의 스택 추적 끝 ---
   위치: System.Runtime.CompilerServices.TaskAwaiter.ThrowForNonSuccess(Task task)
   위치: System.Runtime.CompilerServices.TaskAwaiter.HandleNonSuccessAndDebuggerNotification(Task task)
   위치: MySql.Data.MySqlClient.Driver.<GetResultAsync>d__85.MoveNext()
--- 예외가 throw된 이전 위치의 스택 추적 끝 ---
   위치: System.Runtime.CompilerServices.TaskAwaiter.ThrowForNonSuccess(Task task)
   위치: System.Runtime.CompilerServices.TaskAwaiter.HandleNonSuccessAndDebuggerNotification(Task task)
   위치: MySql.Data.MySqlClient.Driver.<NextResultAsync>d__84.MoveNext()
--- 예외가 throw된 이전 위치의 스택 추적 끝 ---
   위치: System.Runtime.CompilerServices.TaskAwaiter.ThrowForNonSuccess(Task task)
   위치: System.Runtime.CompilerServices.TaskAwaiter.HandleNonSuccessAndDebuggerNotification(Task task)
   위치: MySql.Data.MySqlClient.MySqlDataReader.<NextResultAsync>d__97.MoveNext()
--- 예외가 throw된 이전 위치의 스택 추적 끝 ---
   위치: System.Runtime.ExceptionServices.ExceptionDispatchInfo.Throw()
   위치: MySql.Data.MySqlClient.MySqlDataReader.<NextResultAsync>d__97.MoveNext()
--- 예외가 throw된 이전 위치의 스택 추적 끝 ---
   위치: System.Runtime.CompilerServices.TaskAwaiter.ThrowForNonSuccess(Task task)
   위치: System.Runtime.CompilerServices.TaskAwaiter.HandleNonSuccessAndDebuggerNotification(Task task)
   위치: System.Runtime.CompilerServices.TaskAwaiter.ValidateEnd(Task task)
   위치: MySql.Data.MySqlClient.MySqlCommand.<ExecuteReaderAsync>d__111.MoveNext()
--- 예외가 throw된 이전 위치의 스택 추적 끝 ---
   위치: System.Runtime.ExceptionServices.ExceptionDispatchInfo.Throw()
   위치: MySql.Data.MySqlClient.MySqlCommand.<ExecuteReaderAsync>d__111.MoveNext()
--- 예외가 throw된 이전 위치의 스택 추적 끝 ---
   위치: System.Runtime.ExceptionServices.ExceptionDispatchInfo.Throw()
   위치: MySql.Data.MySqlClient.MySqlCommand.<ExecuteReaderAsync>d__111.MoveNext()
--- 예외가 throw된 이전 위치의 스택 추적 끝 ---
   위치: System.Runtime.CompilerServices.TaskAwaiter.ThrowForNonSuccess(Task task)
   위치: System.Runtime.CompilerServices.TaskAwaiter.HandleNonSuccessAndDebuggerNotification(Task task)
   위치: MySql.Data.MySqlClient.MySqlCommand.<ExecuteNonQueryAsync>d__100.MoveNext()
--- 예외가 throw된 이전 위치의 스택 추적 끝 ---
   위치: System.Runtime.CompilerServices.TaskAwaiter.ThrowForNonSuccess(Task task)
   위치: System.Runtime.CompilerServices.TaskAwaiter.HandleNonSuccessAndDebuggerNotification(Task task)
   위치: MySql.Data.MySqlClient.MySqlCommand.ExecuteNonQuery()
   위치: PREINSPECTION.ItemAdd.insertButton_Click(Object sender, EventArgs e) 파일 C:\Users\byeon\OneDrive\바탕 화면\PREINSPECTION\PREINSPECTION\ItemAdd.cs:줄 90

